 ********************************************
 Warning: no SNP variation (freq < MAF) in column      4
 Warning: no SNP variation (freq < MAF) in column     29
 Warning: no SNP variation (freq < MAF) in column     33
 Warning: no SNP variation (freq < MAF) in column     40
 Warning: no SNP variation (freq < MAF) in column     45
 Warning: no SNP variation (freq < MAF) in column     66
 Warning: no SNP variation (freq < MAF) in column     83
 Warning: no SNP variation (freq < MAF) in column    104
 Warning: no SNP variation (freq < MAF) in column    117
 Warning: no SNP variation (freq < MAF) in column    119
 Warning: no SNP variation (freq < MAF) in column    132
 Warning: no SNP variation (freq < MAF) in column    150
 Warning: no SNP variation (freq < MAF) in column    151
 Warning: no SNP variation (freq < MAF) in column    176
 Warning: no SNP variation (freq < MAF) in column    179
 Warning: no SNP variation (freq < MAF) in column    182
 Warning: no SNP variation (freq < MAF) in column    267
 Warning: no SNP variation (freq < MAF) in column    278
 Warning: no SNP variation (freq < MAF) in column    299
 Warning: no SNP variation (freq < MAF) in column    302
 Warning: no SNP variation (freq < MAF) in column    317
 Warning: no SNP variation (freq < MAF) in column    328
 Warning: no SNP variation (freq < MAF) in column    341
 Warning: no SNP variation (freq < MAF) in column    342
 Warning: no SNP variation (freq < MAF) in column    347
 Warning: no SNP variation (freq < MAF) in column    370
 Warning: no SNP variation (freq < MAF) in column    376
 Warning: no SNP variation (freq < MAF) in column    390
 Warning: no SNP variation (freq < MAF) in column    406
 Warning: no SNP variation (freq < MAF) in column    407
 Warning: no SNP variation (freq < MAF) in column    411
 Warning: no SNP variation (freq < MAF) in column    420
 Warning: no SNP variation (freq < MAF) in column    423
 Warning: no SNP variation (freq < MAF) in column    442
 Warning: no SNP variation (freq < MAF) in column    445
 Warning: no SNP variation (freq < MAF) in column    481
 Warning: no SNP variation (freq < MAF) in column    486
 Warning: no SNP variation (freq < MAF) in column    489
 Warning: no SNP variation (freq < MAF) in column    498
 Warning: no SNP variation (freq < MAF) in column    500
 Warning: no SNP variation (freq < MAF) in column    541
 Warning: no SNP variation (freq < MAF) in column    542
 Warning: no SNP variation (freq < MAF) in column    548
 Warning: no SNP variation (freq < MAF) in column    551
 Warning: no SNP variation (freq < MAF) in column    555
 Warning: no SNP variation (freq < MAF) in column    563
 Warning: no SNP variation (freq < MAF) in column    567
 Warning: no SNP variation (freq < MAF) in column    570
 Warning: no SNP variation (freq < MAF) in column    580
 Warning: no SNP variation (freq < MAF) in column    584
 Warning: no SNP variation (freq < MAF) in column    601
 Warning: no SNP variation (freq < MAF) in column    622
 Warning: no SNP variation (freq < MAF) in column    642
 Warning: no SNP variation (freq < MAF) in column    644
 Warning: no SNP variation (freq < MAF) in column    668
 Warning: no SNP variation (freq < MAF) in column    732
 Warning: no SNP variation (freq < MAF) in column    743
 Warning: no SNP variation (freq < MAF) in column    766
 Warning: no SNP variation (freq < MAF) in column    777
 Warning: no SNP variation (freq < MAF) in column    784
 Warning: no SNP variation (freq < MAF) in column    807
 Warning: no SNP variation (freq < MAF) in column    814
 Warning: no SNP variation (freq < MAF) in column    832
 Warning: no SNP variation (freq < MAF) in column    846
 Warning: no SNP variation (freq < MAF) in column    853
 Warning: no SNP variation (freq < MAF) in column    871
 Warning: no SNP variation (freq < MAF) in column    879
 Warning: no SNP variation (freq < MAF) in column    882
 Warning: no SNP variation (freq < MAF) in column    921
 Warning: no SNP variation (freq < MAF) in column    922
 Warning: no SNP variation (freq < MAF) in column    931
 Warning: no SNP variation (freq < MAF) in column    935
 Warning: no SNP variation (freq < MAF) in column    940
 Warning: no SNP variation (freq < MAF) in column    943
 Warning: no SNP variation (freq < MAF) in column    950
 Warning: no SNP variation (freq < MAF) in column    971
 Warning: no SNP variation (freq < MAF) in column    972
 Warning: no SNP variation (freq < MAF) in column    973
 Warning: no SNP variation (freq < MAF) in column    975
 Warning: no SNP variation (freq < MAF) in column   1053
 Warning: no SNP variation (freq < MAF) in column   1057
 Warning: no SNP variation (freq < MAF) in column   1058
 Warning: no SNP variation (freq < MAF) in column   1064
 Warning: no SNP variation (freq < MAF) in column   1097
 Warning: no SNP variation (freq < MAF) in column   1099
 Warning: no SNP variation (freq < MAF) in column   1113
 Warning: no SNP variation (freq < MAF) in column   1114
 Warning: no SNP variation (freq < MAF) in column   1137
 Warning: no SNP variation (freq < MAF) in column   1138
 Warning: no SNP variation (freq < MAF) in column   1142
 Warning: no SNP variation (freq < MAF) in column   1144
 Warning: no SNP variation (freq < MAF) in column   1151
 Warning: no SNP variation (freq < MAF) in column   1153
 Warning: no SNP variation (freq < MAF) in column   1158
 Warning: no SNP variation (freq < MAF) in column   1176
 Warning: no SNP variation (freq < MAF) in column   1178
 Warning: no SNP variation (freq < MAF) in column   1190
 Warning: no SNP variation (freq < MAF) in column   1200
 Warning: no SNP variation (freq < MAF) in column   1203
 Warning: no SNP variation (freq < MAF) in column   1223
 Warning: no SNP variation (freq < MAF) in column   1225
 Warning: no SNP variation (freq < MAF) in column   1230
 Warning: no SNP variation (freq < MAF) in column   1254
 Warning: no SNP variation (freq < MAF) in column   1260
 Warning: no SNP variation (freq < MAF) in column   1297
 Warning: no SNP variation (freq < MAF) in column   1309
 Warning: no SNP variation (freq < MAF) in column   1336
 Warning: no SNP variation (freq < MAF) in column   1349
 Warning: no SNP variation (freq < MAF) in column   1357
 Warning: no SNP variation (freq < MAF) in column   1370
 Warning: no SNP variation (freq < MAF) in column   1374
 Warning: no SNP variation (freq < MAF) in column   1391
 Warning: no SNP variation (freq < MAF) in column   1396
 Warning: no SNP variation (freq < MAF) in column   1398
 Warning: no SNP variation (freq < MAF) in column   1411
 Warning: no SNP variation (freq < MAF) in column   1429
 Warning: no SNP variation (freq < MAF) in column   1434
 Warning: no SNP variation (freq < MAF) in column   1443
 Warning: no SNP variation (freq < MAF) in column   1454
 Warning: no SNP variation (freq < MAF) in column   1480
 Warning: no SNP variation (freq < MAF) in column   1481
 Warning: no SNP variation (freq < MAF) in column   1489
 Warning: no SNP variation (freq < MAF) in column   1495
 Warning: no SNP variation (freq < MAF) in column   1502
 Warning: no SNP variation (freq < MAF) in column   1503
 Warning: no SNP variation (freq < MAF) in column   1506
 Warning: no SNP variation (freq < MAF) in column   1519
 Warning: no SNP variation (freq < MAF) in column   1527
 Warning: no SNP variation (freq < MAF) in column   1533
 Warning: no SNP variation (freq < MAF) in column   1538
 Warning: no SNP variation (freq < MAF) in column   1559
 Warning: no SNP variation (freq < MAF) in column   1567
 Warning: no SNP variation (freq < MAF) in column   1571
 Warning: no SNP variation (freq < MAF) in column   1574
 Warning: no SNP variation (freq < MAF) in column   1579
 Warning: no SNP variation (freq < MAF) in column   1585
 Warning: no SNP variation (freq < MAF) in column   1588
 Warning: no SNP variation (freq < MAF) in column   1592
 Warning: no SNP variation (freq < MAF) in column   1599
 Warning: no SNP variation (freq < MAF) in column   1608
 Warning: no SNP variation (freq < MAF) in column   1609
 Warning: no SNP variation (freq < MAF) in column   1612
 Warning: no SNP variation (freq < MAF) in column   1617
 Warning: no SNP variation (freq < MAF) in column   1618
 Warning: no SNP variation (freq < MAF) in column   1634
 Warning: no SNP variation (freq < MAF) in column   1650
 Warning: no SNP variation (freq < MAF) in column   1702
 Warning: no SNP variation (freq < MAF) in column   1772
 Warning: no SNP variation (freq < MAF) in column   1788
 Warning: no SNP variation (freq < MAF) in column   1791
 Warning: no SNP variation (freq < MAF) in column   1809
 Warning: no SNP variation (freq < MAF) in column   1813
 Warning: no SNP variation (freq < MAF) in column   1817
 Warning: no SNP variation (freq < MAF) in column   1820
 Warning: no SNP variation (freq < MAF) in column   1836
 Warning: no SNP variation (freq < MAF) in column   1846
 Warning: no SNP variation (freq < MAF) in column   1880
 Warning: no SNP variation (freq < MAF) in column   1882
 Warning: no SNP variation (freq < MAF) in column   1883
 Warning: no SNP variation (freq < MAF) in column   1893
 Warning: no SNP variation (freq < MAF) in column   1899
 Warning: no SNP variation (freq < MAF) in column   1907
 Warning: no SNP variation (freq < MAF) in column   1913
 Warning: no SNP variation (freq < MAF) in column   1915
 Warning: no SNP variation (freq < MAF) in column   1953
 Warning: no SNP variation (freq < MAF) in column   1954
 Warning: no SNP variation (freq < MAF) in column   1969
 Warning: no SNP variation (freq < MAF) in column   1973
 Warning: no SNP variation (freq < MAF) in column   2001
 Warning: no SNP variation (freq < MAF) in column   2029
 Warning: no SNP variation (freq < MAF) in column   2041
 Warning: no SNP variation (freq < MAF) in column   2051
 Warning: no SNP variation (freq < MAF) in column   2062
 Warning: no SNP variation (freq < MAF) in column   2108
 Warning: no SNP variation (freq < MAF) in column   2110
 Warning: no SNP variation (freq < MAF) in column   2120
 Warning: no SNP variation (freq < MAF) in column   2122
 Warning: no SNP variation (freq < MAF) in column   2130
 Warning: no SNP variation (freq < MAF) in column   2135
 Warning: no SNP variation (freq < MAF) in column   2146
 Warning: no SNP variation (freq < MAF) in column   2176
 Warning: no SNP variation (freq < MAF) in column   2192
 Warning: no SNP variation (freq < MAF) in column   2223
 Warning: no SNP variation (freq < MAF) in column   2225
 Warning: no SNP variation (freq < MAF) in column   2244
 Warning: no SNP variation (freq < MAF) in column   2250
 Warning: no SNP variation (freq < MAF) in column   2252
 Warning: no SNP variation (freq < MAF) in column   2256
 Warning: no SNP variation (freq < MAF) in column   2300
 Warning: no SNP variation (freq < MAF) in column   2301
 Warning: no SNP variation (freq < MAF) in column   2304
 Warning: no SNP variation (freq < MAF) in column   2307
 Warning: no SNP variation (freq < MAF) in column   2315
 Warning: no SNP variation (freq < MAF) in column   2324
 Warning: no SNP variation (freq < MAF) in column   2389
 Warning: no SNP variation (freq < MAF) in column   2390
 Warning: no SNP variation (freq < MAF) in column   2433
 Warning: no SNP variation (freq < MAF) in column   2463
 Warning: no SNP variation (freq < MAF) in column   2473
 Warning: no SNP variation (freq < MAF) in column   2476
 Warning: no SNP variation (freq < MAF) in column   2505
 Warning: no SNP variation (freq < MAF) in column   2506
 Warning: no SNP variation (freq < MAF) in column   2558
 Warning: no SNP variation (freq < MAF) in column   2561
 Warning: no SNP variation (freq < MAF) in column   2581
 Warning: no SNP variation (freq < MAF) in column   2590
 Warning: no SNP variation (freq < MAF) in column   2621
 Warning: no SNP variation (freq < MAF) in column   2656
 Warning: no SNP variation (freq < MAF) in column   2662
 Warning: no SNP variation (freq < MAF) in column   2681
 Warning: no SNP variation (freq < MAF) in column   2684
 Warning: no SNP variation (freq < MAF) in column   2698
 Warning: no SNP variation (freq < MAF) in column   2703
 Warning: no SNP variation (freq < MAF) in column   2708
 Warning: no SNP variation (freq < MAF) in column   2728
 Warning: no SNP variation (freq < MAF) in column   2733
 Warning: no SNP variation (freq < MAF) in column   2745
 Warning: no SNP variation (freq < MAF) in column   2750
 Warning: no SNP variation (freq < MAF) in column   2761
 Warning: no SNP variation (freq < MAF) in column   2784
 Warning: no SNP variation (freq < MAF) in column   2795
 Warning: no SNP variation (freq < MAF) in column   2798
 Warning: no SNP variation (freq < MAF) in column   2802
 Warning: no SNP variation (freq < MAF) in column   2811
 Warning: no SNP variation (freq < MAF) in column   2823
 Warning: no SNP variation (freq < MAF) in column   2828
 Warning: no SNP variation (freq < MAF) in column   2845
 Warning: no SNP variation (freq < MAF) in column   2855
 Warning: no SNP variation (freq < MAF) in column   2858
 Warning: no SNP variation (freq < MAF) in column   2887
 Warning: no SNP variation (freq < MAF) in column   2907
 Warning: no SNP variation (freq < MAF) in column   2926
 Warning: no SNP variation (freq < MAF) in column   2946
 Warning: no SNP variation (freq < MAF) in column   2963
 Warning: no SNP variation (freq < MAF) in column   2973
 Warning: no SNP variation (freq < MAF) in column   2986
 Warning: no SNP variation (freq < MAF) in column   2989
 Warning: no SNP variation (freq < MAF) in column   2999
 Warning: no SNP variation (freq < MAF) in column   3050
 Warning: no SNP variation (freq < MAF) in column   3062
 Warning: no SNP variation (freq < MAF) in column   3085
 Warning: no SNP variation (freq < MAF) in column   3098
 Warning: no SNP variation (freq < MAF) in column   3112
 Warning: no SNP variation (freq < MAF) in column   3117
 Warning: no SNP variation (freq < MAF) in column   3131
 Warning: no SNP variation (freq < MAF) in column   3140
 Warning: no SNP variation (freq < MAF) in column   3143
 Warning: no SNP variation (freq < MAF) in column   3150
 Warning: no SNP variation (freq < MAF) in column   3163
 Warning: no SNP variation (freq < MAF) in column   3214
 Warning: no SNP variation (freq < MAF) in column   3219
 Warning: no SNP variation (freq < MAF) in column   3226
 Warning: no SNP variation (freq < MAF) in column   3236
 Warning: no SNP variation (freq < MAF) in column   3238
 Warning: no SNP variation (freq < MAF) in column   3241
 Warning: no SNP variation (freq < MAF) in column   3262
 Warning: no SNP variation (freq < MAF) in column   3266
 Warning: no SNP variation (freq < MAF) in column   3288
 Warning: no SNP variation (freq < MAF) in column   3309
 Warning: no SNP variation (freq < MAF) in column   3310
 Warning: no SNP variation (freq < MAF) in column   3338
 Warning: no SNP variation (freq < MAF) in column   3350
 Warning: no SNP variation (freq < MAF) in column   3361
 Warning: no SNP variation (freq < MAF) in column   3371
 Warning: no SNP variation (freq < MAF) in column   3372
 Warning: no SNP variation (freq < MAF) in column   3376
 Warning: no SNP variation (freq < MAF) in column   3382
 Warning: no SNP variation (freq < MAF) in column   3389
 Warning: no SNP variation (freq < MAF) in column   3394
 Warning: no SNP variation (freq < MAF) in column   3398
 Warning: no SNP variation (freq < MAF) in column   3420
 Warning: no SNP variation (freq < MAF) in column   3429
 Warning: no SNP variation (freq < MAF) in column   3438
 Warning: no SNP variation (freq < MAF) in column   3439
 Warning: no SNP variation (freq < MAF) in column   3442
 Warning: no SNP variation (freq < MAF) in column   3455
 Warning: no SNP variation (freq < MAF) in column   3474
 Warning: no SNP variation (freq < MAF) in column   3499
 Warning: no SNP variation (freq < MAF) in column   3513
 Warning: no SNP variation (freq < MAF) in column   3524
 Warning: no SNP variation (freq < MAF) in column   3528
 Warning: no SNP variation (freq < MAF) in column   3534
 Warning: no SNP variation (freq < MAF) in column   3537
 Warning: no SNP variation (freq < MAF) in column   3546
 Warning: no SNP variation (freq < MAF) in column   3558
 Warning: no SNP variation (freq < MAF) in column   3559
 Warning: no SNP variation (freq < MAF) in column   3577
 Warning: no SNP variation (freq < MAF) in column   3601
 Warning: no SNP variation (freq < MAF) in column   3629
 Warning: no SNP variation (freq < MAF) in column   3646
 Warning: no SNP variation (freq < MAF) in column   3651
 Warning: no SNP variation (freq < MAF) in column   3674
 Warning: no SNP variation (freq < MAF) in column   3680
 Warning: no SNP variation (freq < MAF) in column   3725
 Warning: no SNP variation (freq < MAF) in column   3729
 Warning: no SNP variation (freq < MAF) in column   3764
 Warning: no SNP variation (freq < MAF) in column   3803
 Warning: no SNP variation (freq < MAF) in column   3818
 Warning: no SNP variation (freq < MAF) in column   3825
 Warning: no SNP variation (freq < MAF) in column   3872
 Warning: no SNP variation (freq < MAF) in column   3901
 Warning: no SNP variation (freq < MAF) in column   3903
 Warning: no SNP variation (freq < MAF) in column   3909
 Warning: no SNP variation (freq < MAF) in column   3927
 Warning: no SNP variation (freq < MAF) in column   3937
 Warning: no SNP variation (freq < MAF) in column   3938
 Warning: no SNP variation (freq < MAF) in column   3945
 Warning: no SNP variation (freq < MAF) in column   3946
 Warning: no SNP variation (freq < MAF) in column   3964
 Warning: no SNP variation (freq < MAF) in column   3990
 Warning: no SNP variation (freq < MAF) in column   4017
